# JRE version: OpenJDK Runtime Environment (11.0.13) (build 11.0.13+0-b1751.21-8125866)
# Java VM: OpenJDK 64-Bit Server VM (11.0.13+0-b1751.21-8125866, mixed mode, tiered, compressed oops, g1 gc, windows-amd64)
Heap:
 garbage-first heap   total 518144K, used 159744K [0x0000000080000000, 0x0000000100000000)
  region size 1024K, 1 young (1024K), 1 survivors (1024K)
 Metaspace       used 110365K, capacity 113195K, committed 117104K, reserved 1148928K
  class space    used 14196K, capacity 15310K, committed 16920K, reserved 1048576K
GC Heap History (20 events):
Event: 11.690 GC heap after
{Heap after GC invocations=25 (full 0):
 garbage-first heap   total 187392K, used 102932K [0x0000000080000000, 0x0000000100000000)
  region size 1024K, 5 young (5120K), 5 survivors (5120K)
 Metaspace       used 107592K, capacity 111368K, committed 111600K, reserved 1144832K
  class space    used 14405K, capacity 16008K, committed 16024K, reserved 1048576K
}
Event: 11.962 GC heap before
{Heap before GC invocations=26 (full 0):
 garbage-first heap   total 187392K, used 155156K [0x0000000080000000, 0x0000000100000000)
  region size 1024K, 56 young (57344K), 5 survivors (5120K)
 Metaspace       used 109988K, capacity 113947K, committed 114160K, reserved 1146880K
  class space    used 14791K, capacity 16486K, committed 16536K, reserved 1048576K
}
Event: 11.969 GC heap after
{Heap after GC invocations=27 (full 0):
 garbage-first heap   total 225280K, used 103191K [0x0000000080000000, 0x0000000100000000)
  region size 1024K, 2 young (2048K), 2 survivors (2048K)
 Metaspace       used 109988K, capacity 113947K, committed 114160K, reserved 1146880K
  class space    used 14791K, capacity 16486K, committed 16536K, reserved 1048576K
}
Event: 12.299 GC heap before
{Heap before GC invocations=27 (full 0):
 garbage-first heap   total 225280K, used 177943K [0x0000000080000000, 0x0000000100000000)
  region size 1024K, 77 young (78848K), 2 survivors (2048K)
 Metaspace       used 111279K, capacity 115423K, committed 115696K, reserved 1148928K
  class space    used 14970K, capacity 16741K, committed 16792K, reserved 1048576K
}
Event: 12.309 GC heap after
{Heap after GC invocations=28 (full 0):
 garbage-first heap   total 225280K, used 106971K [0x0000000080000000, 0x0000000100000000)
  region size 1024K, 5 young (5120K), 5 survivors (5120K)
 Metaspace       used 111279K, capacity 115423K, committed 115696K, reserved 1148928K
  class space    used 14970K, capacity 16741K, committed 16792K, reserved 1048576K
}
Event: 12.721 GC heap before
{Heap before GC invocations=29 (full 0):
 garbage-first heap   total 225280K, used 182747K [0x0000000080000000, 0x0000000100000000)
  region size 1024K, 78 young (79872K), 5 survivors (5120K)
 Metaspace       used 109552K, capacity 112393K, committed 116208K, reserved 1148928K
  class space    used 14165K, capacity 15270K, committed 16792K, reserved 1048576K
}
Event: 12.730 GC heap after
{Heap after GC invocations=30 (full 0):
 garbage-first heap   total 225280K, used 117582K [0x0000000080000000, 0x0000000100000000)
  region size 1024K, 10 young (10240K), 10 survivors (10240K)
 Metaspace       used 109552K, capacity 112393K, committed 116208K, reserved 1148928K
  class space    used 14165K, capacity 15270K, committed 16792K, reserved 1048576K
}
Event: 12.904 GC heap before
{Heap before GC invocations=30 (full 0):
 garbage-first heap   total 225280K, used 183118K [0x0000000080000000, 0x0000000100000000)
  region size 1024K, 74 young (75776K), 10 survivors (10240K)
 Metaspace       used 109600K, capacity 112407K, committed 116208K, reserved 1148928K
  class space    used 14168K, capacity 15274K, committed 16792K, reserved 1048576K
}
Event: 12.919 GC heap after
{Heap after GC invocations=31 (full 0):
 garbage-first heap   total 225280K, used 124497K [0x0000000080000000, 0x0000000100000000)
  region size 1024K, 10 young (10240K), 10 survivors (10240K)
 Metaspace       used 109600K, capacity 112407K, committed 116208K, reserved 1148928K
  class space    used 14168K, capacity 15274K, committed 16792K, reserved 1048576K
}
Event: 13.107 GC heap before
{Heap before GC invocations=31 (full 0):
 garbage-first heap   total 225280K, used 182865K [0x0000000080000000, 0x0000000100000000)
  region size 1024K, 68 young (69632K), 10 survivors (10240K)
 Metaspace       used 110015K, capacity 112879K, committed 116848K, reserved 1148928K
  class space    used 14206K, capacity 15320K, committed 16920K, reserved 1048576K
}
Event: 13.120 GC heap after
{Heap after GC invocations=32 (full 0):
 garbage-first heap   total 225280K, used 131072K [0x0000000080000000, 0x0000000100000000)
  region size 1024K, 8 young (8192K), 8 survivors (8192K)
 Metaspace       used 110015K, capacity 112879K, committed 116848K, reserved 1148928K
  class space    used 14206K, capacity 15320K, committed 16920K, reserved 1048576K
}
Event: 13.259 GC heap before
{Heap before GC invocations=33 (full 0):
 garbage-first heap   total 225280K, used 185344K [0x0000000080000000, 0x0000000100000000)
  region size 1024K, 61 young (62464K), 8 survivors (8192K)
 Metaspace       used 110103K, capacity 112991K, committed 116848K, reserved 1148928K
  class space    used 14219K, capacity 15356K, committed 16920K, reserved 1048576K
}
Event: 13.274 GC heap after
{Heap after GC invocations=34 (full 0):
 garbage-first heap   total 270336K, used 136291K [0x0000000080000000, 0x0000000100000000)
  region size 1024K, 6 young (6144K), 6 survivors (6144K)
 Metaspace       used 110103K, capacity 112991K, committed 116848K, reserved 1148928K
  class space    used 14219K, capacity 15356K, committed 16920K, reserved 1048576K
}
Event: 13.550 GC heap before
{Heap before GC invocations=34 (full 0):
 garbage-first heap   total 270336K, used 207971K [0x0000000080000000, 0x0000000100000000)
  region size 1024K, 77 young (78848K), 6 survivors (6144K)
 Metaspace       used 110131K, capacity 113002K, committed 116848K, reserved 1148928K
  class space    used 14221K, capacity 15358K, committed 16920K, reserved 1048576K
}
Event: 13.582 GC heap after
{Heap after GC invocations=35 (full 0):
 garbage-first heap   total 270336K, used 145276K [0x0000000080000000, 0x0000000100000000)
  region size 1024K, 10 young (10240K), 10 survivors (10240K)
 Metaspace       used 110131K, capacity 113002K, committed 116848K, reserved 1148928K
  class space    used 14221K, capacity 15358K, committed 16920K, reserved 1048576K
}
Event: 14.022 GC heap before
{Heap before GC invocations=35 (full 0):
 garbage-first heap   total 270336K, used 214908K [0x0000000080000000, 0x0000000100000000)
  region size 1024K, 78 young (79872K), 10 survivors (10240K)
 Metaspace       used 110038K, capacity 112840K, committed 116848K, reserved 1148928K
  class space    used 14188K, capacity 15300K, committed 16920K, reserved 1048576K
}
Event: 14.058 GC heap after
{Heap after GC invocations=36 (full 0):
 garbage-first heap   total 270336K, used 153024K [0x0000000080000000, 0x0000000100000000)
  region size 1024K, 9 young (9216K), 9 survivors (9216K)
 Metaspace       used 110038K, capacity 112840K, committed 116848K, reserved 1148928K
  class space    used 14188K, capacity 15300K, committed 16920K, reserved 1048576K
}
Event: 14.420 GC heap before
{Heap before GC invocations=37 (full 0):
 garbage-first heap   total 270336K, used 218560K [0x0000000080000000, 0x0000000100000000)
  region size 1024K, 73 young (74752K), 9 survivors (9216K)
 Metaspace       used 110209K, capacity 113041K, committed 117104K, reserved 1148928K
  class space    used 14189K, capacity 15302K, committed 16920K, reserved 1048576K
}
Event: 14.452 GC heap after
{Heap after GC invocations=38 (full 0):
 garbage-first heap   total 270336K, used 159312K [0x0000000080000000, 0x0000000100000000)
  region size 1024K, 7 young (7168K), 7 survivors (7168K)
 Metaspace       used 110209K, capacity 113041K, committed 117104K, reserved 1148928K
  class space    used 14189K, capacity 15302K, committed 16920K, reserved 1048576K
}
Event: 14.884 GC heap before
{Heap before GC invocations=38 (full 0):
 garbage-first heap   total 270336K, used 221776K [0x0000000080000000, 0x0000000100000000)
  region size 1024K, 69 young (70656K), 7 survivors (7168K)
 Metaspace       used 110365K, capacity 113195K, committed 117104K, reserved 1148928K
  class space    used 14196K, capacity 15310K, committed 16920K, reserved 1048576K
}

