# JRE version: OpenJDK Runtime Environment (11.0.13) (build 11.0.13+0-b1751.21-8125866)
# Java VM: OpenJDK 64-Bit Server VM (11.0.13+0-b1751.21-8125866, mixed mode, tiered, compressed oops, g1 gc, windows-amd64)
Heap:
 garbage-first heap   total 419840K, used 146800K [0x0000000080000000, 0x0000000100000000)
  region size 1024K, 9 young (9216K), 9 survivors (9216K)
 Metaspace       used 148238K, capacity 151999K, committed 152484K, reserved 1181696K
  class space    used 18025K, capacity 19513K, committed 19788K, reserved 1048576K
GC Heap History (20 events):
Event: 1571.167 GC heap after
{Heap after GC invocations=92 (full 0):
 garbage-first heap   total 225280K, used 148313K [0x0000000080000000, 0x0000000100000000)
  region size 1024K, 1 young (1024K), 1 survivors (1024K)
 Metaspace       used 143040K, capacity 146756K, committed 147620K, reserved 1177600K
  class space    used 17591K, capacity 19045K, committed 19532K, reserved 1048576K
}
Event: 1571.283 GC heap before
{Heap before GC invocations=92 (full 0):
 garbage-first heap   total 225280K, used 158553K [0x0000000080000000, 0x0000000100000000)
  region size 1024K, 12 young (12288K), 1 survivors (1024K)
 Metaspace       used 143060K, capacity 146756K, committed 147620K, reserved 1177600K
  class space    used 17592K, capacity 19045K, committed 19532K, reserved 1048576K
}
Event: 1571.288 GC heap after
{Heap after GC invocations=93 (full 0):
 garbage-first heap   total 225280K, used 153190K [0x0000000080000000, 0x0000000100000000)
  region size 1024K, 4 young (4096K), 4 survivors (4096K)
 Metaspace       used 143060K, capacity 146756K, committed 147620K, reserved 1177600K
  class space    used 17592K, capacity 19045K, committed 19532K, reserved 1048576K
}
Event: 1571.454 GC heap before
{Heap before GC invocations=93 (full 0):
 garbage-first heap   total 225280K, used 197222K [0x0000000080000000, 0x0000000100000000)
  region size 1024K, 31 young (31744K), 4 survivors (4096K)
 Metaspace       used 143228K, capacity 146911K, committed 147620K, reserved 1177600K
  class space    used 17601K, capacity 19051K, committed 19532K, reserved 1048576K
}
Event: 1571.463 GC heap after
{Heap after GC invocations=94 (full 0):
 garbage-first heap   total 225280K, used 158368K [0x0000000080000000, 0x0000000100000000)
  region size 1024K, 4 young (4096K), 4 survivors (4096K)
 Metaspace       used 143228K, capacity 146911K, committed 147620K, reserved 1177600K
  class space    used 17601K, capacity 19051K, committed 19532K, reserved 1048576K
}
Event: 1571.651 GC heap before
{Heap before GC invocations=95 (full 0):
 garbage-first heap   total 225280K, used 182944K [0x0000000080000000, 0x0000000100000000)
  region size 1024K, 29 young (29696K), 4 survivors (4096K)
 Metaspace       used 145425K, capacity 149119K, committed 149796K, reserved 1179648K
  class space    used 17776K, capacity 19244K, committed 19660K, reserved 1048576K
}
Event: 1571.656 GC heap after
{Heap after GC invocations=96 (full 0):
 garbage-first heap   total 225280K, used 161998K [0x0000000080000000, 0x0000000100000000)
  region size 1024K, 4 young (4096K), 4 survivors (4096K)
 Metaspace       used 145425K, capacity 149119K, committed 149796K, reserved 1179648K
  class space    used 17776K, capacity 19244K, committed 19660K, reserved 1048576K
}
Event: 1571.696 GC heap before
{Heap before GC invocations=96 (full 0):
 garbage-first heap   total 225280K, used 169166K [0x0000000080000000, 0x0000000100000000)
  region size 1024K, 11 young (11264K), 4 survivors (4096K)
 Metaspace       used 145488K, capacity 149183K, committed 150052K, reserved 1179648K
  class space    used 17776K, capacity 19244K, committed 19660K, reserved 1048576K
}
Event: 1571.702 GC heap after
{Heap after GC invocations=97 (full 0):
 garbage-first heap   total 225280K, used 160883K [0x0000000080000000, 0x0000000100000000)
  region size 1024K, 1 young (1024K), 1 survivors (1024K)
 Metaspace       used 145488K, capacity 149183K, committed 150052K, reserved 1179648K
  class space    used 17776K, capacity 19244K, committed 19660K, reserved 1048576K
}
Event: 1571.802 GC heap before
{Heap before GC invocations=97 (full 0):
 garbage-first heap   total 225280K, used 186483K [0x0000000080000000, 0x0000000100000000)
  region size 1024K, 26 young (26624K), 1 survivors (1024K)
 Metaspace       used 145679K, capacity 149375K, committed 150052K, reserved 1179648K
  class space    used 17776K, capacity 19244K, committed 19660K, reserved 1048576K
}
Event: 1571.808 GC heap after
{Heap after GC invocations=98 (full 0):
 garbage-first heap   total 225280K, used 162065K [0x0000000080000000, 0x0000000100000000)
  region size 1024K, 3 young (3072K), 3 survivors (3072K)
 Metaspace       used 145679K, capacity 149375K, committed 150052K, reserved 1179648K
  class space    used 17776K, capacity 19244K, committed 19660K, reserved 1048576K
}
Event: 1572.033 GC heap before
{Heap before GC invocations=98 (full 0):
 garbage-first heap   total 225280K, used 170257K [0x0000000080000000, 0x0000000100000000)
  region size 1024K, 28 young (28672K), 3 survivors (3072K)
 Metaspace       used 145844K, capacity 149567K, committed 150308K, reserved 1179648K
  class space    used 17784K, capacity 19244K, committed 19660K, reserved 1048576K
}
Event: 1572.044 GC heap after
{Heap after GC invocations=99 (full 0):
 garbage-first heap   total 270336K, used 147417K [0x0000000080000000, 0x0000000100000000)
  region size 1024K, 4 young (4096K), 4 survivors (4096K)
 Metaspace       used 145844K, capacity 149567K, committed 150308K, reserved 1179648K
  class space    used 17784K, capacity 19244K, committed 19660K, reserved 1048576K
}
Event: 1572.470 GC heap before
{Heap before GC invocations=100 (full 0):
 garbage-first heap   total 270336K, used 197593K [0x0000000080000000, 0x0000000100000000)
  region size 1024K, 53 young (54272K), 4 survivors (4096K)
 Metaspace       used 146672K, capacity 150373K, committed 151076K, reserved 1181696K
  class space    used 17833K, capacity 19277K, committed 19660K, reserved 1048576K
}
Event: 1572.475 GC heap after
{Heap after GC invocations=101 (full 0):
 garbage-first heap   total 270336K, used 148266K [0x0000000080000000, 0x0000000100000000)
  region size 1024K, 5 young (5120K), 5 survivors (5120K)
 Metaspace       used 146672K, capacity 150373K, committed 151076K, reserved 1181696K
  class space    used 17833K, capacity 19277K, committed 19660K, reserved 1048576K
}
Event: 1572.630 GC heap before
{Heap before GC invocations=101 (full 0):
 garbage-first heap   total 270336K, used 155434K [0x0000000080000000, 0x0000000100000000)
  region size 1024K, 13 young (13312K), 5 survivors (5120K)
 Metaspace       used 146707K, capacity 150444K, committed 151076K, reserved 1181696K
  class space    used 17837K, capacity 19279K, committed 19660K, reserved 1048576K
}
Event: 1572.652 GC heap after
{Heap after GC invocations=102 (full 0):
 garbage-first heap   total 270336K, used 136362K [0x0000000080000000, 0x0000000100000000)
  region size 1024K, 2 young (2048K), 2 survivors (2048K)
 Metaspace       used 146707K, capacity 150444K, committed 151076K, reserved 1181696K
  class space    used 17837K, capacity 19279K, committed 19660K, reserved 1048576K
}
Event: 1573.507 GC heap before
{Heap before GC invocations=102 (full 0):
 garbage-first heap   total 270336K, used 194730K [0x0000000080000000, 0x0000000100000000)
  region size 1024K, 60 young (61440K), 2 survivors (2048K)
 Metaspace       used 147139K, capacity 150838K, committed 151460K, reserved 1181696K
  class space    used 17885K, capacity 19343K, committed 19788K, reserved 1048576K
}
Event: 1573.526 GC heap after
{Heap after GC invocations=103 (full 0):
 garbage-first heap   total 270336K, used 140203K [0x0000000080000000, 0x0000000100000000)
  region size 1024K, 6 young (6144K), 6 survivors (6144K)
 Metaspace       used 147139K, capacity 150838K, committed 151460K, reserved 1181696K
  class space    used 17885K, capacity 19343K, committed 19788K, reserved 1048576K
}
Event: 1574.060 GC heap before
{Heap before GC invocations=104 (full 0):
 garbage-first heap   total 270336K, used 199595K [0x0000000080000000, 0x0000000100000000)
  region size 1024K, 65 young (66560K), 6 survivors (6144K)
 Metaspace       used 148238K, capacity 151999K, committed 152484K, reserved 1181696K
  class space    used 18025K, capacity 19513K, committed 19788K, reserved 1048576K
}

